#
# There is insufficient memory for the Java Runtime Environment to continue.
# Native memory allocation (malloc) failed to allocate 441520 bytes for Chunk::new
# Possible reasons:
#   The system is out of physical RAM or swap space
#   In 32 bit mode, the process size limit was hit
# Possible solutions:
#   Reduce memory load on the system
#   Increase physical memory or swap space
#   Check if swap backing store is full
#   Use 64 bit Java on a 64 bit OS
#   Decrease Java heap size (-Xmx/-Xms)
#   Decrease number of Java threads
#   Decrease Java thread stack sizes (-Xss)
#   Set larger code cache with -XX:ReservedCodeCacheSize=
# This output file may be truncated or incomplete.
#
#  Out of Memory Error (allocation.cpp:390), pid=1600, tid=0x0000000000002278
#
# JRE version: Java(TM) SE Runtime Environment (8.0_181-b13) (build 1.8.0_181-b13)
# Java VM: Java HotSpot(TM) 64-Bit Server VM (25.181-b13 mixed mode windows-amd64 compressed oops)
# Failed to write core dump. Minidumps are not enabled by default on client versions of Windows
#

---------------  T H R E A D  ---------------

Current thread (0x0000000017f49000):  JavaThread "C2 CompilerThread0" daemon [_thread_in_native, id=8824, stack(0x00000000195a0000,0x00000000196a0000)]

Stack: [0x00000000195a0000,0x00000000196a0000]
[error occurred during error reporting (printing stack bounds), id 0xc0000005]

Native frames: (J=compiled Java code, j=interpreted, Vv=VM code, C=native code)


Current CompileTask:
C2:  33748 4626       4       org.codehaus.groovy.classgen.asm.BinaryExpressionHelper::evaluateEqual (723 bytes)


---------------  P R O C E S S  ---------------

Java Threads: ( => current thread )
  0x00000000198d0800 JavaThread "Service Thread" daemon [_thread_blocked, id=13276, stack(0x0000000019ca0000,0x0000000019da0000)]
  0x0000000017f53800 JavaThread "C1 CompilerThread2" daemon [_thread_blocked, id=20188, stack(0x00000000197a0000,0x00000000198a0000)]
  0x0000000017f4e800 JavaThread "C2 CompilerThread1" daemon [_thread_in_native, id=7372, stack(0x00000000196a0000,0x00000000197a0000)]
=>0x0000000017f49000 JavaThread "C2 CompilerThread0" daemon [_thread_in_native, id=8824, stack(0x00000000195a0000,0x00000000196a0000)]
  0x0000000017f47000 JavaThread "Attach Listener" daemon [_thread_blocked, id=18904, stack(0x00000000194a0000,0x00000000195a0000)]
  0x0000000017f45800 JavaThread "Signal Dispatcher" daemon [_thread_blocked, id=18292, stack(0x00000000193a0000,0x00000000194a0000)]
  0x00000000033de800 JavaThread "Finalizer" daemon [_thread_blocked, id=20684, stack(0x00000000191a0000,0x00000000192a0000)]
  0x0000000017f08800 JavaThread "Reference Handler" daemon [_thread_blocked, id=15032, stack(0x00000000190a0000,0x00000000191a0000)]
  0x00000000032ea000 JavaThread "main" [_thread_in_native, id=18520, stack(0x00000000031e0000,0x00000000032e0000)]

Other Threads:
  0x0000000017f07800 VMThread [stack: 0x0000000018fa0000,0x00000000190a0000] [id=15760]
  0x0000000017f9e800 WatcherThread [stack: 0x0000000019da0000,0x0000000019ea0000] [id=1180]

VM state:not at safepoint (normal execution)

VM Mutex/Monitor currently owned by a thread: None

Heap:
 PSYoungGen      total 175616K, used 14091K [0x00000000d5d00000, 0x00000000e3a00000, 0x0000000100000000)
  eden space 171520K, 8% used [0x00000000d5d00000,0x00000000d6a66cc0,0x00000000e0480000)
  from space 4096K, 8% used [0x00000000e0b00000,0x00000000e0b5c010,0x00000000e0f00000)
  to   space 6656K, 0% used [0x00000000e0480000,0x00000000e0480000,0x00000000e0b00000)
 ParOldGen       total 53760K, used 7884K [0x0000000081600000, 0x0000000084a80000, 0x00000000d5d00000)
  object space 53760K, 14% used [0x0000000081600000,0x0000000081db3370,0x0000000084a80000)
 Metaspace       used 20950K, capacity 21368K, committed 21552K, reserved 1069056K
  class space    used 2248K, capacity 2364K, committed 2432K, reserved 1048576K

Card table byte_map: [0x00000000127a0000,0x0000000012ba0000] byte_map_base: 0x0000000012395000

Marking Bits: (ParMarkBitMap*) 0x00000000732d2d00
 Begin Bits: [0x0000000013250000, 0x00000000151f8000)
 End Bits:   [0x00000000151f8000, 0x00000000171a0000)

Polling page: 0x0000000002f20000

CodeCache: size=245760Kb used=19017Kb max_used=19017Kb free=226742Kb
 bounds [0x00000000033e0000, 0x0000000004690000, 0x00000000123e0000]
 total_blobs=4025 nmethods=3652 adapters=284
 compilation: enabled

Compilation events (10 events):
Event: 33.673 Thread 0x0000000017f53800 4646       1       java.util.Collections$1::hasNext (5 bytes)
Event: 33.673 Thread 0x0000000017f53800 nmethod 4646 0x00000000046833d0 code [0x0000000004683520, 0x0000000004683630]
Event: 33.674 Thread 0x0000000017f53800 4647       3       java.lang.ClassLoader::getBootstrapClassPath (4 bytes)
Event: 33.675 Thread 0x0000000017f53800 nmethod 4647 0x0000000004683690 code [0x00000000046837e0, 0x0000000004683970]
Event: 33.675 Thread 0x0000000017f53800 4648       3       sun.misc.Launcher::getBootstrapClassPath (4 bytes)
Event: 33.675 Thread 0x0000000017f53800 nmethod 4648 0x0000000004683a10 code [0x0000000004683b60, 0x0000000004683c90]
Event: 33.675 Thread 0x0000000017f53800 4649       3       java.lang.Character::isLetterOrDigit (5 bytes)
Event: 33.675 Thread 0x0000000017f53800 nmethod 4649 0x0000000004683d10 code [0x0000000004683ea0, 0x00000000046841f8]
Event: 33.675 Thread 0x0000000017f53800 4650       3       java.lang.Character::isLetterOrDigit (19 bytes)
Event: 33.676 Thread 0x0000000017f53800 nmethod 4650 0x0000000004684390 code [0x0000000004684520, 0x0000000004684818]

GC Heap History (10 events):
Event: 28.360 GC heap before
{Heap before GC invocations=21 (full 1):
 PSYoungGen      total 140288K, used 304K [0x00000000d5d00000, 0x00000000def00000, 0x0000000100000000)
  eden space 132608K, 0% used [0x00000000d5d00000,0x00000000d5d00000,0x00000000dde80000)
  from space 7680K, 3% used [0x00000000de680000,0x00000000de6cc010,0x00000000dee00000)
  to   space 8192K, 0% used [0x00000000dde80000,0x00000000dde80000,0x00000000de680000)
 ParOldGen       total 87552K, used 12051K [0x0000000081600000, 0x0000000086b80000, 0x00000000d5d00000)
  object space 87552K, 13% used [0x0000000081600000,0x00000000821c4d58,0x0000000086b80000)
 Metaspace       used 20806K, capacity 21210K, committed 21296K, reserved 1069056K
  class space    used 2238K, capacity 2349K, committed 2432K, reserved 1048576K
Event: 28.511 GC heap after
Heap after GC invocations=21 (full 1):
 PSYoungGen      total 140288K, used 0K [0x00000000d5d00000, 0x00000000def00000, 0x0000000100000000)
  eden space 132608K, 0% used [0x00000000d5d00000,0x00000000d5d00000,0x00000000dde80000)
  from space 7680K, 0% used [0x00000000de680000,0x00000000de680000,0x00000000dee00000)
  to   space 8192K, 0% used [0x00000000dde80000,0x00000000dde80000,0x00000000de680000)
 ParOldGen       total 53760K, used 7740K [0x0000000081600000, 0x0000000084a80000, 0x00000000d5d00000)
  object space 53760K, 14% used [0x0000000081600000,0x0000000081d8f370,0x0000000084a80000)
 Metaspace       used 20806K, capacity 21210K, committed 21296K, reserved 1069056K
  class space    used 2238K, capacity 2349K, committed 2432K, reserved 1048576K
}
Event: 29.910 GC heap before
{Heap before GC invocations=22 (full 1):
 PSYoungGen      total 140288K, used 132608K [0x00000000d5d00000, 0x00000000def00000, 0x0000000100000000)
  eden space 132608K, 100% used [0x00000000d5d00000,0x00000000dde80000,0x00000000dde80000)
  from space 7680K, 0% used [0x00000000de680000,0x00000000de680000,0x00000000dee00000)
  to   space 8192K, 0% used [0x00000000dde80000,0x00000000dde80000,0x00000000de680000)
 ParOldGen       total 53760K, used 7740K [0x0000000081600000, 0x0000000084a80000, 0x00000000d5d00000)
  object space 53760K, 14% used [0x0000000081600000,0x0000000081d8f370,0x0000000084a80000)
 Metaspace       used 20850K, capacity 21308K, committed 21552K, reserved 1069056K
  class space    used 2242K, capacity 2354K, committed 2432K, reserved 1048576K
Event: 29.935 GC heap after
Heap after GC invocations=22 (full 1):
 PSYoungGen      total 140800K, used 1188K [0x00000000d5d00000, 0x00000000e1200000, 0x0000000100000000)
  eden space 132608K, 0% used [0x00000000d5d00000,0x00000000d5d00000,0x00000000dde80000)
  from space 8192K, 14% used [0x00000000dde80000,0x00000000ddfa9378,0x00000000de680000)
  to   space 7168K, 0% used [0x00000000e0b00000,0x00000000e0b00000,0x00000000e1200000)
 ParOldGen       total 53760K, used 7740K [0x0000000081600000, 0x0000000084a80000, 0x00000000d5d00000)
  object space 53760K, 14% used [0x0000000081600000,0x0000000081d8f370,0x0000000084a80000)
 Metaspace       used 20850K, capacity 21308K, committed 21552K, reserved 1069056K
  class space    used 2242K, capacity 2354K, committed 2432K, reserved 1048576K
}
Event: 31.217 GC heap before
{Heap before GC invocations=23 (full 1):
 PSYoungGen      total 140800K, used 133796K [0x00000000d5d00000, 0x00000000e1200000, 0x0000000100000000)
  eden space 132608K, 100% used [0x00000000d5d00000,0x00000000dde80000,0x00000000dde80000)
  from space 8192K, 14% used [0x00000000dde80000,0x00000000ddfa9378,0x00000000de680000)
  to   space 7168K, 0% used [0x00000000e0b00000,0x00000000e0b00000,0x00000000e1200000)
 ParOldGen       total 53760K, used 7740K [0x0000000081600000, 0x0000000084a80000, 0x00000000d5d00000)
  object space 53760K, 14% used [0x0000000081600000,0x0000000081d8f370,0x0000000084a80000)
 Metaspace       used 20872K, capacity 21326K, committed 21552K, reserved 1069056K
  class space    used 2244K, capacity 2357K, committed 2432K, reserved 1048576K
Event: 31.221 GC heap after
Heap after GC invocations=23 (full 1):
 PSYoungGen      total 172032K, used 1235K [0x00000000d5d00000, 0x00000000e0f00000, 0x0000000100000000)
  eden space 167936K, 0% used [0x00000000d5d00000,0x00000000d5d00000,0x00000000e0100000)
  from space 4096K, 30% used [0x00000000e0b00000,0x00000000e0c34cc8,0x00000000e0f00000)
  to   space 7168K, 0% used [0x00000000e0100000,0x00000000e0100000,0x00000000e0800000)
 ParOldGen       total 53760K, used 7836K [0x0000000081600000, 0x0000000084a80000, 0x00000000d5d00000)
  object space 53760K, 14% used [0x0000000081600000,0x0000000081da7370,0x0000000084a80000)
 Metaspace       used 20872K, capacity 21326K, committed 21552K, reserved 1069056K
  class space    used 2244K, capacity 2357K, committed 2432K, reserved 1048576K
}
Event: 32.579 GC heap before
{Heap before GC invocations=24 (full 1):
 PSYoungGen      total 172032K, used 169171K [0x00000000d5d00000, 0x00000000e0f00000, 0x0000000100000000)
  eden space 167936K, 100% used [0x00000000d5d00000,0x00000000e0100000,0x00000000e0100000)
  from space 4096K, 30% used [0x00000000e0b00000,0x00000000e0c34cc8,0x00000000e0f00000)
  to   space 7168K, 0% used [0x00000000e0100000,0x00000000e0100000,0x00000000e0800000)
 ParOldGen       total 53760K, used 7836K [0x0000000081600000, 0x0000000084a80000, 0x00000000d5d00000)
  object space 53760K, 14% used [0x0000000081600000,0x0000000081da7370,0x0000000084a80000)
 Metaspace       used 20929K, capacity 21356K, committed 21552K, reserved 1069056K
  class space    used 2246K, capacity 2362K, committed 2432K, reserved 1048576K
Event: 32.587 GC heap after
Heap after GC invocations=24 (full 1):
 PSYoungGen      total 175104K, used 400K [0x00000000d5d00000, 0x00000000e0f00000, 0x0000000100000000)
  eden space 167936K, 0% used [0x00000000d5d00000,0x00000000d5d00000,0x00000000e0100000)
  from space 7168K, 5% used [0x00000000e0100000,0x00000000e0164010,0x00000000e0800000)
  to   space 4096K, 0% used [0x00000000e0b00000,0x00000000e0b00000,0x00000000e0f00000)
 ParOldGen       total 53760K, used 7868K [0x0000000081600000, 0x0000000084a80000, 0x00000000d5d00000)
  object space 53760K, 14% used [0x0000000081600000,0x0000000081daf370,0x0000000084a80000)
 Metaspace       used 20929K, capacity 21356K, committed 21552K, reserved 1069056K
  class space    used 2246K, capacity 2362K, committed 2432K, reserved 1048576K
}
Event: 33.651 GC heap before
{Heap before GC invocations=25 (full 1):
 PSYoungGen      total 175104K, used 168336K [0x00000000d5d00000, 0x00000000e0f00000, 0x0000000100000000)
  eden space 167936K, 100% used [0x00000000d5d00000,0x00000000e0100000,0x00000000e0100000)
  from space 7168K, 5% used [0x00000000e0100000,0x00000000e0164010,0x00000000e0800000)
  to   space 4096K, 0% used [0x00000000e0b00000,0x00000000e0b00000,0x00000000e0f00000)
 ParOldGen       total 53760K, used 7868K [0x0000000081600000, 0x0000000084a80000, 0x00000000d5d00000)
  object space 53760K, 14% used [0x0000000081600000,0x0000000081daf370,0x0000000084a80000)
 Metaspace       used 20950K, capacity 21368K, committed 21552K, reserved 1069056K
  class space    used 2248K, capacity 2364K, committed 2432K, reserved 1048576K
Event: 33.666 GC heap after
Heap after GC invocations=25 (full 1):
 PSYoungGen      total 175616K, used 368K [0x00000000d5d00000, 0x00000000e3a00000, 0x0000000100000000)
  eden space 171520K, 0% used [0x00000000d5d00000,0x00000000d5d00000,0x00000000e0480000)
  from space 4096K, 8% used [0x00000000e0b00000,0x00000000e0b5c010,0x00000000e0f00000)
  to   space 6656K, 0% used [0x00000000e0480000,0x00000000e0480000,0x00000000e0b00000)
 ParOldGen       total 53760K, used 7884K [0x0000000081600000, 0x0000000084a80000, 0x00000000d5d00000)
  object space 53760K, 14% used [0x0000000081600000,0x0000000081db3370,0x0000000084a80000)
 Metaspace       used 20950K, capacity 21368K, committed 21552K, reserved 1069056K
  class space    used 2248K, capacity 2364K, committed 2432K, reserved 1048576K
}

Deoptimization events (10 events):
Event: 14.397 Thread 0x00000000032ea000 Uncommon trap: reason=unstable_if action=reinterpret pc=0x0000000003e278e8 method=groovyjarjarasm.asm.Item.a(Lgroovyjarjarasm/asm/Item;)Z @ 317
Event: 19.174 Thread 0x00000000032ea000 Uncommon trap: reason=unstable_if action=reinterpret pc=0x00000000039f07bc method=org.codehaus.groovy.antlr.parser.GroovyLexer.nextToken()Lgroovyjarjarantlr/Token; @ 1692
Event: 19.955 Thread 0x00000000032ea000 Uncommon trap: reason=unstable_if action=reinterpret pc=0x000000000419ee3c method=org.codehaus.groovy.classgen.asm.OperandStack.doConvertAndCast(Lorg/codehaus/groovy/ast/ClassNode;Z)V @ 109
Event: 22.187 Thread 0x00000000032ea000 Uncommon trap: reason=unstable_if action=reinterpret pc=0x0000000003e5e114 method=java.io.ObjectOutputStream$BlockDataOutputStream.writeByte(I)V @ 7
Event: 24.609 Thread 0x00000000032ea000 Uncommon trap: reason=unstable_if action=reinterpret pc=0x0000000003c31a68 method=org.codehaus.groovy.classgen.ClassCompletionVerifier.visitBinaryExpression(Lorg/codehaus/groovy/ast/expr/BinaryExpression;)V @ 9
Event: 24.780 Thread 0x00000000032ea000 Uncommon trap: reason=unstable_if action=reinterpret pc=0x000000000375abc8 method=com.sun.org.apache.xerces.internal.impl.XMLEntityScanner.scanLiteral(ILcom/sun/org/apache/xerces/internal/xni/XMLString;Z)I @ 562
Event: 25.121 Thread 0x00000000032ea000 Uncommon trap: reason=unstable_if action=reinterpret pc=0x0000000003ef5ac4 method=org.codehaus.groovy.antlr.parser.GroovyLexer.nextToken()Lgroovyjarjarantlr/Token; @ 2088
Event: 25.123 Thread 0x00000000032ea000 Uncommon trap: reason=unstable_if action=reinterpret pc=0x000000000429232c method=org.codehaus.groovy.antlr.parser.GroovyRecognizer.additiveExpression(I)V @ 51
Event: 28.215 Thread 0x00000000032ea000 Uncommon trap: reason=unstable_if action=reinterpret pc=0x00000000041f6130 method=org.codehaus.groovy.ast.ClassNode.isDerivedFrom(Lorg/codehaus/groovy/ast/ClassNode;)Z @ 41
Event: 32.576 Thread 0x00000000032ea000 Uncommon trap: reason=unstable_if action=reinterpret pc=0x0000000003d70f9c method=java.lang.Integer.parseInt(Ljava/lang/String;I)I @ 122

Classes redefined (0 events):
No events

Internal exceptions (10 events):
Event: 6.434 Thread 0x00000000032ea000 Exception <a 'java/lang/NoSuchMethodError': <clinit>> (0x00000000d6c07068) thrown at [C:\re\workspace\8-2-build-windows-amd64-cygwin\jdk8u181\11358\hotspot\src\share\vm\prims\jni.cpp, line 1613]
Event: 9.747 Thread 0x00000000032ea000 Implicit null exception at 0x00000000041191c7 to 0x000000000411c499
Event: 13.150 Thread 0x00000000032ea000 Exception <a 'java/lang/NoSuchMethodError': <clinit>> (0x00000000d7148398) thrown at [C:\re\workspace\8-2-build-windows-amd64-cygwin\jdk8u181\11358\hotspot\src\share\vm\prims\jni.cpp, line 1613]
Event: 13.171 Thread 0x00000000032ea000 Exception <a 'java/lang/NoSuchMethodError': <clinit>> (0x00000000d7170b28) thrown at [C:\re\workspace\8-2-build-windows-amd64-cygwin\jdk8u181\11358\hotspot\src\share\vm\prims\jni.cpp, line 1613]
Event: 13.175 Thread 0x00000000032ea000 Exception <a 'java/lang/NoSuchMethodError': <clinit>> (0x00000000d718e940) thrown at [C:\re\workspace\8-2-build-windows-amd64-cygwin\jdk8u181\11358\hotspot\src\share\vm\prims\jni.cpp, line 1613]
Event: 13.175 Thread 0x00000000032ea000 Exception <a 'java/lang/NoSuchMethodError': <clinit>> (0x00000000d718f588) thrown at [C:\re\workspace\8-2-build-windows-amd64-cygwin\jdk8u181\11358\hotspot\src\share\vm\prims\jni.cpp, line 1613]
Event: 13.178 Thread 0x00000000032ea000 Exception <a 'java/lang/NoSuchMethodError': <clinit>> (0x00000000d71a54a8) thrown at [C:\re\workspace\8-2-build-windows-amd64-cygwin\jdk8u181\11358\hotspot\src\share\vm\prims\jni.cpp, line 1613]
Event: 13.185 Thread 0x00000000032ea000 Exception <a 'java/lang/NoSuchMethodError': <clinit>> (0x00000000d71df938) thrown at [C:\re\workspace\8-2-build-windows-amd64-cygwin\jdk8u181\11358\hotspot\src\share\vm\prims\jni.cpp, line 1613]
Event: 13.188 Thread 0x00000000032ea000 Exception <a 'java/lang/NoSuchMethodError': <clinit>> (0x00000000d71ef690) thrown at [C:\re\workspace\8-2-build-windows-amd64-cygwin\jdk8u181\11358\hotspot\src\share\vm\prims\jni.cpp, line 1613]
Event: 13.189 Thread 0x00000000032ea000 Exception <a 'java/lang/NoSuchMethodError': <clinit>> (0x00000000d71fa720) thrown at [C:\re\workspace\8-2-build-windows-amd64-cygwin\jdk8u181\11358\hotspot\src\share\vm\prims\jni.cpp, line 1613]

Events (10 events):
Event: 33.745 loading class java/math/net/sf/jasperreports$compilers$GroovyEvaluator
Event: 33.745 loading class java/math/net/sf/jasperreports$compilers$GroovyEvaluator done
Event: 33.745 loading class java/math/net/sf/jasperreports/compilers$GroovyEvaluator
Event: 33.745 loading class java/math/net/sf/jasperreports/compilers$GroovyEvaluator done
Event: 33.745 loading class java/math/net/sf/jasperreports/compilers/GroovyEvaluator
Event: 33.745 loading class java/math/net/sf/jasperreports/compilers/GroovyEvaluator done
Event: 33.746 loading class java/lang/java/text/net$sf$jasperreports$compilers$GroovyEvaluator
Event: 33.746 loading class java/lang/java/text/net$sf$jasperreports$compilers$GroovyEvaluator done
Event: 33.746 loading class java/io/java/text/net$sf$jasperreports$compilers$GroovyEvaluator
Event: 33.746 loading class java/io/java/text/net$sf$jasperreports$compilers$GroovyEvaluator done


Dynamic libraries:
0x00007ff76af00000 - 0x00007ff76af37000 	C:\Program Files\Java\jdk1.8.0_181\bin\java.exe
0x00007ffef4f00000 - 0x00007ffef50f0000 	C:\WINDOWS\SYSTEM32\ntdll.dll
0x00007ffef4360000 - 0x00007ffef4412000 	C:\WINDOWS\System32\KERNEL32.DLL
0x00007ffef2970000 - 0x00007ffef2c15000 	C:\WINDOWS\System32\KERNELBASE.dll
0x00007ffef4480000 - 0x00007ffef4523000 	C:\WINDOWS\System32\ADVAPI32.dll
0x00007ffef4660000 - 0x00007ffef46fe000 	C:\WINDOWS\System32\msvcrt.dll
0x00007ffef3140000 - 0x00007ffef31d7000 	C:\WINDOWS\System32\sechost.dll
0x00007ffef3ca0000 - 0x00007ffef3dbf000 	C:\WINDOWS\System32\RPCRT4.dll
0x00007ffef3a30000 - 0x00007ffef3bc4000 	C:\WINDOWS\System32\USER32.dll
0x00007ffef27d0000 - 0x00007ffef27f1000 	C:\WINDOWS\System32\win32u.dll
0x00007ffef4230000 - 0x00007ffef4256000 	C:\WINDOWS\System32\GDI32.dll
0x00007ffef2de0000 - 0x00007ffef2f78000 	C:\WINDOWS\System32\gdi32full.dll
0x00007ffef2630000 - 0x00007ffef26ce000 	C:\WINDOWS\System32\msvcp_win.dll
0x00007ffef26d0000 - 0x00007ffef27ca000 	C:\WINDOWS\System32\ucrtbase.dll
0x00007ffee1960000 - 0x00007ffee1be4000 	C:\WINDOWS\WinSxS\amd64_microsoft.windows.common-controls_6595b64144ccf1df_6.0.18362.1556_none_9e7e372fe45e41d5\COMCTL32.dll
0x00007ffef4ac0000 - 0x00007ffef4df6000 	C:\WINDOWS\System32\combase.dll
0x00007ffef28e0000 - 0x00007ffef2961000 	C:\WINDOWS\System32\bcryptPrimitives.dll
0x00007ffef4e00000 - 0x00007ffef4e2e000 	C:\WINDOWS\System32\IMM32.DLL
0x0000000073360000 - 0x0000000073432000 	C:\Program Files\Java\jdk1.8.0_181\jre\bin\msvcr100.dll
0x0000000072ab0000 - 0x0000000073352000 	C:\Program Files\Java\jdk1.8.0_181\jre\bin\server\jvm.dll
0x00007ffef4260000 - 0x00007ffef4268000 	C:\WINDOWS\System32\PSAPI.DLL
0x00007ffedf900000 - 0x00007ffedf909000 	C:\WINDOWS\SYSTEM32\WSOCK32.dll
0x00007ffef49a0000 - 0x00007ffef4a0f000 	C:\WINDOWS\System32\WS2_32.dll
0x00007ffeeea10000 - 0x00007ffeeea34000 	C:\WINDOWS\SYSTEM32\WINMM.dll
0x00007ffee68d0000 - 0x00007ffee68da000 	C:\WINDOWS\SYSTEM32\VERSION.dll
0x00007ffeee9e0000 - 0x00007ffeeea0d000 	C:\WINDOWS\SYSTEM32\WINMMBASE.dll
0x00007ffef1e40000 - 0x00007ffef1e8a000 	C:\WINDOWS\System32\cfgmgr32.dll
0x0000000072aa0000 - 0x0000000072aaf000 	C:\Program Files\Java\jdk1.8.0_181\jre\bin\verify.dll
0x0000000072a70000 - 0x0000000072a99000 	C:\Program Files\Java\jdk1.8.0_181\jre\bin\java.dll
0x0000000072a50000 - 0x0000000072a66000 	C:\Program Files\Java\jdk1.8.0_181\jre\bin\zip.dll
0x00007ffef3340000 - 0x00007ffef3a27000 	C:\WINDOWS\System32\SHELL32.dll
0x00007ffef4280000 - 0x00007ffef4328000 	C:\WINDOWS\System32\shcore.dll
0x00007ffef1e90000 - 0x00007ffef260b000 	C:\WINDOWS\System32\windows.storage.dll
0x00007ffef1e20000 - 0x00007ffef1e3e000 	C:\WINDOWS\System32\profapi.dll
0x00007ffef1db0000 - 0x00007ffef1dfa000 	C:\WINDOWS\System32\powrprof.dll
0x00007ffef1d80000 - 0x00007ffef1d90000 	C:\WINDOWS\System32\UMPDC.dll
0x00007ffef4e30000 - 0x00007ffef4e82000 	C:\WINDOWS\System32\shlwapi.dll
0x00007ffef1d90000 - 0x00007ffef1da1000 	C:\WINDOWS\System32\kernel.appcore.dll
0x00007ffef2610000 - 0x00007ffef2627000 	C:\WINDOWS\System32\cryptsp.dll
0x0000000072830000 - 0x00000000729c9000 	C:\Program Files\Java\jdk1.8.0_181\jre\bin\awt.dll
0x00007ffef3bd0000 - 0x00007ffef3c95000 	C:\WINDOWS\System32\OLEAUT32.dll
0x00007ffeefef0000 - 0x00007ffeeff7f000 	C:\WINDOWS\SYSTEM32\apphelp.dll

VM Arguments:
jvm_args: -Dfile.encoding=windows-1252 -Duser.country=US -Duser.language=en -Duser.variant 
java_command: org.openlmis.report.util.JasperReportCompiler
java_class_path (initial): C:\Users\NUNDA\Desktop\temp_tanzania\open_lmis\modules\report\build\classes\main;C:\Users\NUNDA\.gradle\caches\modules-2\files-2.1\cglib\cglib\3.1\1f1cb6c7a7479e0c7fd7987109e503914bebe84a\cglib-3.1.jar;C:\Users\NUNDA\.gradle\caches\modules-2\files-2.1\org.aspectj\aspectjrt\1.8.5\39a8ff2d1f79267907f5573c090b342b040b9682\aspectjrt-1.8.5.jar;C:\Users\NUNDA\.gradle\caches\modules-2\files-2.1\org.springframework\spring-webmvc\4.1.5.RELEASE\71b10b2ba7f6f0cce690d55e4bc8afc823d16628\spring-webmvc-4.1.5.RELEASE.jar;C:\Users\NUNDA\.gradle\caches\modules-2\files-2.1\org.springframework\spring-core\4.1.5.RELEASE\4f9af02bca3066ea0d5ac450332ca210c5de1957\spring-core-4.1.5.RELEASE.jar;C:\Users\NUNDA\.gradle\caches\modules-2\files-2.1\org.springframework\spring-web\4.1.5.RELEASE\8e542f560b65c920bf60cbc5db5b1097610fa94a\spring-web-4.1.5.RELEASE.jar;C:\Users\NUNDA\.gradle\caches\modules-2\files-2.1\org.springframework\spring-aspects\4.1.5.RELEASE\cbdd73ca7ce12f4538c852e220299a546e60c1cf\spring-aspects-4.1.5.RELEASE.jar;C:\Users\NUNDA\.gradle\caches\modules-2\files-2.1\org.springframework\spring-messaging\4.1.5.RELEASE\8c615dcf2d3b2f3e537d7a40b140f04c86def5cc\spring-messaging-4.1.5.RELEASE.jar;C:\Users\NUNDA\.gradle\caches\modules-2\files-2.1\org.springframework\spring-context-support\4.1.5.RELEASE\8d680831b0edde905b63edd238cbe7160efc5145\spring-context-support-4.1.5.RELEASE.jar;C:\Users\NUNDA\.gradle\caches\modules-2\files-2.1\org.springframework\spring-tx\4.1.5.RELEASE\258d04c25cdae15dce060e93bb9646f3a153475d\spring-tx-4.1.5.RELEASE.jar;C:\Users\NUNDA\.gradle\caches\modules-2\files-2.1\org.springframework.security\spring-security-taglibs\3.2.6.RELEASE\75d3e11dec360625e1e298a023debf876938fb0d\spring-security-taglibs-3.2.6.RELEASE.jar;C:\Users\NUNDA\.gradle\caches\modules-2\files-2.1\org.springframework.security\spring-security-core\3.2.6.RELEASE\792d3245d0aff1069bf0452956f19373ec6a608b\spring-security-core-3.2.6.RELEASE.jar;C:\Users\NUNDA\.gradle\caches\m
Launcher Type: SUN_STANDARD

Environment Variables:
CLASSPATH=C:\gradle-3.2.1\bin\..\lib\gradle-launcher-3.2.1.jar
PATH=C:\Program Files (x86)\Common Files\Oracle\Java\javapath;C:\WINDOWS\system32;C:\WINDOWS;C:\WINDOWS\System32\Wbem;C:\WINDOWS\System32\WindowsPowerShell\v1.0\;C:\WINDOWS\System32\OpenSSH\;C:\gradle-3.2.1\bin;G:\Git\cmd;C:\Program Files\PostgreSQL\9.6\bin;C:\Program Files\nodejs\;C:\Users\NUNDA\AppData\Local\Microsoft\WindowsApps;C:\Users\NUNDA\AppData\Local\Programs\Microsoft VS Code\bin;C:\Users\NUNDA\AppData\Roaming\npm
USERNAME=NUNDA
OS=Windows_NT
PROCESSOR_IDENTIFIER=Intel64 Family 6 Model 69 Stepping 1, GenuineIntel



---------------  S Y S T E M  ---------------

OS: Windows 10.0 , 64 bit Build 18362 (10.0.18362.1500)

CPU:total 4 (initial active 4) (2 cores per cpu, 2 threads per core) family 6 model 69 stepping 1, cmov, cx8, fxsr, mmx, sse, sse2, sse3, ssse3, sse4.1, sse4.2, popcnt, avx, avx2, aes, clmul, erms, lzcnt, ht, tsc, tscinvbit, bmi1, bmi2

Memory: 4k page, physical 8290320k(1488752k free), swap 33456144k(5508k free)

vm_info: Java HotSpot(TM) 64-Bit Server VM (25.181-b13) for windows-amd64 JRE (1.8.0_181-b13), built on Jul  7 2018 04:01:33 by "java_re" with MS VC++ 10.0 (VS2010)

time: Sun May 23 17:39:30 2021
elapsed time: 33 seconds (0d 0h 0m 33s)

